<?xml version="1.0" encoding="UTF-8"?>
<!-- Generated by org.testng.reporters.JUnitReportReporter -->
<testsuite hostname="Rayuga" failures="0" tests="5" name="testcases.TestCases" time="3.396" errors="0" timestamp="2024-02-23T17:28:04 IST" skipped="0">
  <testcase classname="testcases.TestCases" name="testValidateloginPageTitle" time="0.017"/>
  <testcase classname="testcases.TestCases" name="testValidateUIElements" time="0.205"/>
  <testcase classname="testcases.TestCases" name="testLogin" time="2.993"/>
  <testcase classname="testcases.TestCases" name="testValidateHomepageTitle" time="0.027"/>
  <testcase classname="testcases.TestCases" name="testUIElementsInHomePage" time="0.154"/>
</testsuite> <!-- testcases.TestCases -->
